This is pdfTeX, Version 3.141592653-2.6-1.40.26 (TeX Live 2024) (preloaded format=pdflatex 2024.7.26)  11 MAY 2025 19:28
entering extended mode
 restricted \write18 enabled.
 file:line:error style messages enabled.
 %&-line parsing enabled.
**/Users/chetanpathade/Desktop/federated-genomic-security/main.tex
(/Users/chetanpathade/Desktop/federated-genomic-security/main.tex
LaTeX2e <2023-11-01> patch level 1
L3 programming layer <2024-02-20>
(./IEEEtran.cls
Document Class: IEEEtran 2015/08/26 V1.8b by Michael Shell
-- See the "IEEEtran_HOWTO" manual for usage information.
-- http://www.michaelshell.org/tex/ieeetran/
\@IEEEtrantmpdimenA=\dimen140
\@IEEEtrantmpdimenB=\dimen141
\@IEEEtrantmpdimenC=\dimen142
\@IEEEtrantmpcountA=\count188
\@IEEEtrantmpcountB=\count189
\@IEEEtrantmpcountC=\count190
\@IEEEtrantmptoksA=\toks17
LaTeX Font Info:    Trying to load font information for OT1+ptm on input line 503.
(/usr/local/texlive/2024/texmf-dist/tex/latex/psnfss/ot1ptm.fd
File: ot1ptm.fd 2001/06/04 font definitions for OT1/ptm.
)
-- Using 8.5in x 11in (letter) paper.
-- Using PDF output.
\@IEEEnormalsizeunitybaselineskip=\dimen143
-- This is a 10 point document.
\CLASSINFOnormalsizebaselineskip=\dimen144
\CLASSINFOnormalsizeunitybaselineskip=\dimen145
\IEEEnormaljot=\dimen146
LaTeX Font Info:    Font shape `OT1/ptm/bx/n' in size <5> not available
(Font)              Font shape `OT1/ptm/b/n' tried instead on input line 1090.
LaTeX Font Info:    Font shape `OT1/ptm/bx/it' in size <5> not available
(Font)              Font shape `OT1/ptm/b/it' tried instead on input line 1090.
LaTeX Font Info:    Font shape `OT1/ptm/bx/n' in size <7> not available
(Font)              Font shape `OT1/ptm/b/n' tried instead on input line 1090.
LaTeX Font Info:    Font shape `OT1/ptm/bx/it' in size <7> not available
(Font)              Font shape `OT1/ptm/b/it' tried instead on input line 1090.
LaTeX Font Info:    Font shape `OT1/ptm/bx/n' in size <8> not available
(Font)              Font shape `OT1/ptm/b/n' tried instead on input line 1090.
LaTeX Font Info:    Font shape `OT1/ptm/bx/it' in size <8> not available
(Font)              Font shape `OT1/ptm/b/it' tried instead on input line 1090.
LaTeX Font Info:    Font shape `OT1/ptm/bx/n' in size <9> not available
(Font)              Font shape `OT1/ptm/b/n' tried instead on input line 1090.
LaTeX Font Info:    Font shape `OT1/ptm/bx/it' in size <9> not available
(Font)              Font shape `OT1/ptm/b/it' tried instead on input line 1090.
LaTeX Font Info:    Font shape `OT1/ptm/bx/n' in size <10> not available
(Font)              Font shape `OT1/ptm/b/n' tried instead on input line 1090.
LaTeX Font Info:    Font shape `OT1/ptm/bx/it' in size <10> not available
(Font)              Font shape `OT1/ptm/b/it' tried instead on input line 1090.
LaTeX Font Info:    Font shape `OT1/ptm/bx/n' in size <11> not available
(Font)              Font shape `OT1/ptm/b/n' tried instead on input line 1090.
LaTeX Font Info:    Font shape `OT1/ptm/bx/it' in size <11> not available
(Font)              Font shape `OT1/ptm/b/it' tried instead on input line 1090.
LaTeX Font Info:    Font shape `OT1/ptm/bx/n' in size <12> not available
(Font)              Font shape `OT1/ptm/b/n' tried instead on input line 1090.
LaTeX Font Info:    Font shape `OT1/ptm/bx/it' in size <12> not available
(Font)              Font shape `OT1/ptm/b/it' tried instead on input line 1090.
LaTeX Font Info:    Font shape `OT1/ptm/bx/n' in size <17> not available
(Font)              Font shape `OT1/ptm/b/n' tried instead on input line 1090.
LaTeX Font Info:    Font shape `OT1/ptm/bx/it' in size <17> not available
(Font)              Font shape `OT1/ptm/b/it' tried instead on input line 1090.
LaTeX Font Info:    Font shape `OT1/ptm/bx/n' in size <20> not available
(Font)              Font shape `OT1/ptm/b/n' tried instead on input line 1090.
LaTeX Font Info:    Font shape `OT1/ptm/bx/it' in size <20> not available
(Font)              Font shape `OT1/ptm/b/it' tried instead on input line 1090.
LaTeX Font Info:    Font shape `OT1/ptm/bx/n' in size <24> not available
(Font)              Font shape `OT1/ptm/b/n' tried instead on input line 1090.
LaTeX Font Info:    Font shape `OT1/ptm/bx/it' in size <24> not available
(Font)              Font shape `OT1/ptm/b/it' tried instead on input line 1090.
\IEEEquantizedlength=\dimen147
\IEEEquantizedlengthdiff=\dimen148
\IEEEquantizedtextheightdiff=\dimen149
\IEEEilabelindentA=\dimen150
\IEEEilabelindentB=\dimen151
\IEEEilabelindent=\dimen152
\IEEEelabelindent=\dimen153
\IEEEdlabelindent=\dimen154
\IEEElabelindent=\dimen155
\IEEEiednormlabelsep=\dimen156
\IEEEiedmathlabelsep=\dimen157
\IEEEiedtopsep=\skip48
\c@section=\count191
\c@subsection=\count192
\c@subsubsection=\count193
\c@paragraph=\count194
\c@IEEEsubequation=\count195
\abovecaptionskip=\skip49
\belowcaptionskip=\skip50
\c@figure=\count196
\c@table=\count197
\@IEEEeqnnumcols=\count198
\@IEEEeqncolcnt=\count199
\@IEEEsubeqnnumrollback=\count266
\@IEEEquantizeheightA=\dimen158
\@IEEEquantizeheightB=\dimen159
\@IEEEquantizeheightC=\dimen160
\@IEEEquantizeprevdepth=\dimen161
\@IEEEquantizemultiple=\count267
\@IEEEquantizeboxA=\box51
\@IEEEtmpitemindent=\dimen162
\IEEEPARstartletwidth=\dimen163
\c@IEEEbiography=\count268
\@IEEEtranrubishbin=\box52
)
** ATTENTION: Overriding command lockouts (line 2).
(/usr/local/texlive/2024/texmf-dist/tex/latex/cite/cite.sty
LaTeX Info: Redefining \cite on input line 302.
LaTeX Info: Redefining \nocite on input line 332.
Package: cite 2015/02/27  v 5.5
) (/usr/local/texlive/2024/texmf-dist/tex/latex/booktabs/booktabs.sty
Package: booktabs 2020/01/12 v1.61803398 Publication quality tables
\heavyrulewidth=\dimen164
\lightrulewidth=\dimen165
\cmidrulewidth=\dimen166
\belowrulesep=\dimen167
\belowbottomsep=\dimen168
\aboverulesep=\dimen169
\abovetopsep=\dimen170
\cmidrulesep=\dimen171
\cmidrulekern=\dimen172
\defaultaddspace=\dimen173
\@cmidla=\count269
\@cmidlb=\count270
\@aboverulesep=\dimen174
\@belowrulesep=\dimen175
\@thisruleclass=\count271
\@lastruleclass=\count272
\@thisrulewidth=\dimen176
) (/usr/local/texlive/2024/texmf-dist/tex/latex/float/float.sty
Package: float 2001/11/08 v1.3d Float enhancements (AL)
\c@float@type=\count273
\float@exts=\toks18
\float@box=\box53
\@float@everytoks=\toks19
\@floatcapt=\box54
) (/usr/local/texlive/2024/texmf-dist/tex/latex/graphics/graphicx.sty
Package: graphicx 2021/09/16 v1.2d Enhanced LaTeX Graphics (DPC,SPQR)
 (/usr/local/texlive/2024/texmf-dist/tex/latex/graphics/keyval.sty
Package: keyval 2022/05/29 v1.15 key=value parser (DPC)
\KV@toks@=\toks20
) (/usr/local/texlive/2024/texmf-dist/tex/latex/graphics/graphics.sty
Package: graphics 2022/03/10 v1.4e Standard LaTeX Graphics (DPC,SPQR)
 (/usr/local/texlive/2024/texmf-dist/tex/latex/graphics/trig.sty
Package: trig 2021/08/11 v1.11 sin cos tan (DPC)
) (/usr/local/texlive/2024/texmf-dist/tex/latex/graphics-cfg/graphics.cfg
File: graphics.cfg 2016/06/04 v1.11 sample graphics configuration
)
Package graphics Info: Driver file: pdftex.def on input line 107.
 (/usr/local/texlive/2024/texmf-dist/tex/latex/graphics-def/pdftex.def
File: pdftex.def 2022/09/22 v1.2b Graphics/color driver for pdftex
))
\Gin@req@height=\dimen177
\Gin@req@width=\dimen178
) (/usr/local/texlive/2024/texmf-dist/tex/latex/caption/caption.sty
Package: caption 2023/08/05 v3.6o Customizing captions (AR)
 (/usr/local/texlive/2024/texmf-dist/tex/latex/caption/caption3.sty
Package: caption3 2023/07/31 v2.4d caption3 kernel (AR)
\caption@tempdima=\dimen179
\captionmargin=\dimen180
\caption@leftmargin=\dimen181
\caption@rightmargin=\dimen182
\caption@width=\dimen183
\caption@indent=\dimen184
\caption@parindent=\dimen185
\caption@hangindent=\dimen186
Package caption Info: Unknown document class (or package),
(caption)             standard defaults will be used.
Package caption Info: \@makecaption = \long macro:#1#2->\ifx \@captype \@IEEEtablestring \footnotesize \bgroup \par \centering \@IEEEtabletopskipstrut {\normalfont \footnotesize #1}\\{\normalfont \footnotesize \scshape #2}\par \addvspace {0.5\baselineskip }\egroup \@IEEEtablecaptionsepspace \else \@IEEEfigurecaptionsepspace \setbox \@tempboxa \hbox {\normalfont \footnotesize {#1.}\nobreakspace \nobreakspace #2}\ifdim \wd \@tempboxa >\hsize \setbox \@tempboxa \hbox {\normalfont \footnotesize {#1.}\nobreakspace \nobreakspace }\parbox [t]{\hsize }{\normalfont \footnotesize \noindent \unhbox \@tempboxa #2}\else \ifCLASSOPTIONconference \hbox to\hsize {\normalfont \footnotesize \hfil \box \@tempboxa \hfil }\else \hbox to\hsize {\normalfont \footnotesize \box \@tempboxa \hfil }\fi \fi \fi  on input line 1175.
)

Package caption Warning: Unknown document class (or package),
(caption)                standard defaults will be used.
See the caption package documentation for explanation.

\c@caption@flags=\count274
\c@continuedfloat=\count275
Package caption Info: float package is loaded.
) (/usr/local/texlive/2024/texmf-dist/tex/latex/amsmath/amsmath.sty
Package: amsmath 2023/05/13 v2.17o AMS math features
\@mathmargin=\skip51

For additional information on amsmath, use the `?' option.
(/usr/local/texlive/2024/texmf-dist/tex/latex/amsmath/amstext.sty
Package: amstext 2021/08/26 v2.01 AMS text
 (/usr/local/texlive/2024/texmf-dist/tex/latex/amsmath/amsgen.sty
File: amsgen.sty 1999/11/30 v2.0 generic functions
\@emptytoks=\toks21
\ex@=\dimen187
)) (/usr/local/texlive/2024/texmf-dist/tex/latex/amsmath/amsbsy.sty
Package: amsbsy 1999/11/29 v1.2d Bold Symbols
\pmbraise@=\dimen188
) (/usr/local/texlive/2024/texmf-dist/tex/latex/amsmath/amsopn.sty
Package: amsopn 2022/04/08 v2.04 operator names
)
\inf@bad=\count276
LaTeX Info: Redefining \frac on input line 234.
\uproot@=\count277
\leftroot@=\count278
LaTeX Info: Redefining \overline on input line 399.
LaTeX Info: Redefining \colon on input line 410.
\classnum@=\count279
\DOTSCASE@=\count280
LaTeX Info: Redefining \ldots on input line 496.
LaTeX Info: Redefining \dots on input line 499.
LaTeX Info: Redefining \cdots on input line 620.
\Mathstrutbox@=\box55
\strutbox@=\box56
LaTeX Info: Redefining \big on input line 722.
LaTeX Info: Redefining \Big on input line 723.
LaTeX Info: Redefining \bigg on input line 724.
LaTeX Info: Redefining \Bigg on input line 725.
\big@size=\dimen189
LaTeX Font Info:    Redeclaring font encoding OML on input line 743.
LaTeX Font Info:    Redeclaring font encoding OMS on input line 744.
\macc@depth=\count281
LaTeX Info: Redefining \bmod on input line 905.
LaTeX Info: Redefining \pmod on input line 910.
LaTeX Info: Redefining \smash on input line 940.
LaTeX Info: Redefining \relbar on input line 970.
LaTeX Info: Redefining \Relbar on input line 971.
\c@MaxMatrixCols=\count282
\dotsspace@=\muskip16
\c@parentequation=\count283
\dspbrk@lvl=\count284
\tag@help=\toks22
\row@=\count285
\column@=\count286
\maxfields@=\count287
\andhelp@=\toks23
\eqnshift@=\dimen190
\alignsep@=\dimen191
\tagshift@=\dimen192
\tagwidth@=\dimen193
\totwidth@=\dimen194
\lineht@=\dimen195
\@envbody=\toks24
\multlinegap=\skip52
\multlinetaggap=\skip53
\mathdisplay@stack=\toks25
LaTeX Info: Redefining \[ on input line 2953.
LaTeX Info: Redefining \] on input line 2954.
) (/usr/local/texlive/2024/texmf-dist/tex/latex/amsfonts/amssymb.sty
Package: amssymb 2013/01/14 v3.01 AMS font symbols
 (/usr/local/texlive/2024/texmf-dist/tex/latex/amsfonts/amsfonts.sty
Package: amsfonts 2013/01/14 v3.01 Basic AMSFonts support
\symAMSa=\mathgroup4
\symAMSb=\mathgroup5
LaTeX Font Info:    Redeclaring math symbol \hbar on input line 98.
LaTeX Font Info:    Overwriting math alphabet `\mathfrak' in version `bold'
(Font)                  U/euf/m/n --> U/euf/b/n on input line 106.
)) (/usr/local/texlive/2024/texmf-dist/tex/latex/algorithms/algorithmic.sty
Package: algorithmic 2009/08/24 v0.1 Document Style `algorithmic'
 (/usr/local/texlive/2024/texmf-dist/tex/latex/base/ifthen.sty
Package: ifthen 2022/04/13 v1.1d Standard LaTeX ifthen package (DPC)
)
\c@ALC@unique=\count288
\c@ALC@line=\count289
\c@ALC@rem=\count290
\c@ALC@depth=\count291
\ALC@tlm=\skip54
\algorithmicindent=\skip55
) (/usr/local/texlive/2024/texmf-dist/tex/latex/base/textcomp.sty
Package: textcomp 2020/02/02 v2.0n Standard LaTeX package
) (/usr/local/texlive/2024/texmf-dist/tex/latex/xcolor/xcolor.sty
Package: xcolor 2023/11/15 v3.01 LaTeX color extensions (UK)
 (/usr/local/texlive/2024/texmf-dist/tex/latex/graphics-cfg/color.cfg
File: color.cfg 2016/01/02 v1.6 sample color configuration
)
Package xcolor Info: Driver file: pdftex.def on input line 274.
 (/usr/local/texlive/2024/texmf-dist/tex/latex/graphics/mathcolor.ltx)
Package xcolor Info: Model `cmy' substituted by `cmy0' on input line 1350.
Package xcolor Info: Model `hsb' substituted by `rgb' on input line 1354.
Package xcolor Info: Model `RGB' extended on input line 1366.
Package xcolor Info: Model `HTML' substituted by `rgb' on input line 1368.
Package xcolor Info: Model `Hsb' substituted by `hsb' on input line 1369.
Package xcolor Info: Model `tHsb' substituted by `hsb' on input line 1370.
Package xcolor Info: Model `HSB' substituted by `hsb' on input line 1371.
Package xcolor Info: Model `Gray' substituted by `gray' on input line 1372.
Package xcolor Info: Model `wave' substituted by `hsb' on input line 1373.
) (/usr/local/texlive/2024/texmf-dist/tex/latex/l3backend/l3backend-pdftex.def
File: l3backend-pdftex.def 2024-02-20 L3 backend support: PDF output (pdfTeX)
\l__color_backend_stack_int=\count292
\l__pdf_internal_box=\box57
) (./main.aux)
\openout1 = `main.aux'.

LaTeX Font Info:    Checking defaults for OML/cmm/m/it on input line 18.
LaTeX Font Info:    ... okay on input line 18.
LaTeX Font Info:    Checking defaults for OMS/cmsy/m/n on input line 18.
LaTeX Font Info:    ... okay on input line 18.
LaTeX Font Info:    Checking defaults for OT1/cmr/m/n on input line 18.
LaTeX Font Info:    ... okay on input line 18.
LaTeX Font Info:    Checking defaults for T1/cmr/m/n on input line 18.
LaTeX Font Info:    ... okay on input line 18.
LaTeX Font Info:    Checking defaults for TS1/cmr/m/n on input line 18.
LaTeX Font Info:    ... okay on input line 18.
LaTeX Font Info:    Checking defaults for OMX/cmex/m/n on input line 18.
LaTeX Font Info:    ... okay on input line 18.
LaTeX Font Info:    Checking defaults for U/cmr/m/n on input line 18.
LaTeX Font Info:    ... okay on input line 18.

-- Lines per column: 56 (exact).
(/usr/local/texlive/2024/texmf-dist/tex/context/base/mkii/supp-pdf.mkii
[Loading MPS to PDF converter (version 2006.09.02).]
\scratchcounter=\count293
\scratchdimen=\dimen196
\scratchbox=\box58
\nofMPsegments=\count294
\nofMParguments=\count295
\everyMPshowfont=\toks26
\MPscratchCnt=\count296
\MPscratchDim=\dimen197
\MPnumerator=\count297
\makeMPintoPDFobject=\count298
\everyMPtoPDFconversion=\toks27
) (/usr/local/texlive/2024/texmf-dist/tex/latex/epstopdf-pkg/epstopdf-base.sty
Package: epstopdf-base 2020-01-24 v2.11 Base part for package epstopdf
Package epstopdf-base Info: Redefining graphics rule for `.eps' on input line 485.
 (/usr/local/texlive/2024/texmf-dist/tex/latex/latexconfig/epstopdf-sys.cfg
File: epstopdf-sys.cfg 2010/07/13 v1.3 Configuration of (r)epstopdf for TeX Live
))
Package caption Info: Begin \AtBeginDocument code.
Package caption Info: End \AtBeginDocument code.

Underfull \hbox (badness 1845) in paragraph at lines 78--83
[]\OT1/ptm/m/n/10 This pa-per fo-cuses on un-der-stand-ing and quan-ti-fy-ing
 []


Underfull \hbox (badness 1748) in paragraph at lines 78--83
\OT1/ptm/m/n/10 a fed-er-ated en-vi-ron-ment with 20,000 syn-thetic ge-nomic
 []


Underfull \hbox (badness 10000) in paragraph at lines 78--83

 []


Underfull \hbox (badness 1728) in paragraph at lines 78--83
\OT1/ptm/m/n/10 We im-ple-ment and eval-u-ate three promi-nent classes of
 []

LaTeX Font Info:    Trying to load font information for U+msa on input line 92.
(/usr/local/texlive/2024/texmf-dist/tex/latex/amsfonts/umsa.fd
File: umsa.fd 2013/01/14 v3.01 AMS symbols A
)
LaTeX Font Info:    Trying to load font information for U+msb on input line 92.
 (/usr/local/texlive/2024/texmf-dist/tex/latex/amsfonts/umsb.fd
File: umsb.fd 2013/01/14 v3.01 AMS symbols B
) [1{/usr/local/texlive/2024/texmf-var/fonts/map/pdftex/updmap/pdftex.map}{/usr/local/texlive/2024/texmf-dist/fonts/enc/dvips/base/8r.enc}


] [2]
Underfull \hbox (badness 1472) in paragraph at lines 149--153
[]\OT1/ptm/m/n/10 In this study, we con-sider a fed-er-ated learn-ing (FL)
 []


Underfull \hbox (badness 10000) in paragraph at lines 149--153

 []


Underfull \hbox (badness 3250) in paragraph at lines 176--177
[]\OT1/ptm/b/n/10 Label Se-man-tics: \OT1/ptm/m/n/10 La-bels can rep-re-sent di-ag-nos-tic
 []

[3]
Underfull \hbox (badness 10000) in paragraph at lines 191--195

 []

<Histogram_of_Gradient_Norms.png, id=17, 715.11165pt x 426.393pt>
File: Histogram_of_Gradient_Norms.png Graphic file (type png)
<use Histogram_of_Gradient_Norms.png>
Package pdftex.def Info: Histogram_of_Gradient_Norms.png  used on input line 200.
(pdftex.def)             Requested size: 252.0pt x 150.25475pt.

Underfull \hbox (badness 10000) in paragraph at lines 204--208

 []

<PCAScatter_Plot_Of_SNPs_By_Label.png, id=19, 715.11165pt x 426.393pt>
File: PCAScatter_Plot_Of_SNPs_By_Label.png Graphic file (type png)
<use PCAScatter_Plot_Of_SNPs_By_Label.png>
Package pdftex.def Info: PCAScatter_Plot_Of_SNPs_By_Label.png  used on input line 213.
(pdftex.def)             Requested size: 252.0pt x 150.25475pt.

Underfull \hbox (badness 10000) in paragraph at lines 217--222

 []


Underfull \hbox (badness 4048) in paragraph at lines 217--222
\OT1/ptm/b/n/10 Top 10 SNP Cor-re-la-tions with La-bel \OT1/ptm/m/n/10 To quan-tify
 []

<Top_10_SNP_Correlations_With_Label.png, id=20, 715.11165pt x 426.393pt>
File: Top_10_SNP_Correlations_With_Label.png Graphic file (type png)
<use Top_10_SNP_Correlations_With_Label.png>
Package pdftex.def Info: Top_10_SNP_Correlations_With_Label.png  used on input line 225.
(pdftex.def)             Requested size: 252.0pt x 150.25475pt.

Underfull \hbox (badness 10000) in paragraph at lines 229--234

 []

[4 <./Histogram_of_Gradient_Norms.png> <./PCAScatter_Plot_Of_SNPs_By_Label.png> <./Top_10_SNP_Correlations_With_Label.png>]
<Federated_Learning_Architecture.png, id=27, 918.43124pt x 587.19376pt>
File: Federated_Learning_Architecture.png Graphic file (type png)
<use Federated_Learning_Architecture.png>
Package pdftex.def Info: Federated_Learning_Architecture.png  used on input line 263.
(pdftex.def)             Requested size: 252.0pt x 161.1159pt.

Underfull \vbox (badness 10000) has occurred while \output is active []

 [5 <./Federated_Learning_Architecture.png>]
<Membership_Inference_Attack.png, id=32, 618.31pt x 474.77374pt>
File: Membership_Inference_Attack.png Graphic file (type png)
<use Membership_Inference_Attack.png>
Package pdftex.def Info: Membership_Inference_Attack.png  used on input line 300.
(pdftex.def)             Requested size: 252.0pt x 193.49937pt.
<Attack_Performance_Comparison.png, id=33, 715.11165pt x 426.393pt>
File: Attack_Performance_Comparison.png Graphic file (type png)
<use Attack_Performance_Comparison.png>
Package pdftex.def Info: Attack_Performance_Comparison.png  used on input line 325.
(pdftex.def)             Requested size: 252.0pt x 150.25475pt.

Underfull \hbox (badness 10000) in paragraph at lines 329--331
[]\OT1/ptm/m/n/10 Each at-tack|Membership In-fer-ence At-tack (MIA),
 []


Underfull \hbox (badness 10000) in paragraph at lines 331--335

 []


Underfull \hbox (badness 10000) in paragraph at lines 340--344

 []


Underfull \hbox (badness 10000) in paragraph at lines 349--353

 []

[6 <./Membership_Inference_Attack.png> <./Attack_Performance_Comparison.png>]
<Radar_Chart.png, id=42, 631.35875pt x 546.04pt>
File: Radar_Chart.png Graphic file (type png)
<use Radar_Chart.png>
Package pdftex.def Info: Radar_Chart.png  used on input line 370.
(pdftex.def)             Requested size: 252.0pt x 217.94554pt.

Underfull \hbox (badness 1616) in paragraph at lines 376--394
\OT1/ptm/m/n/10 These re-sults were vi-su-al-ized us-ing a radar chart
 []


Underfull \hbox (badness 2261) in paragraph at lines 376--394
\OT1/ptm/m/n/10 for a clearer com-par-a-tive un-der-stand-ing of at-tack
 []


Underfull \hbox (badness 10000) in paragraph at lines 376--394

 []

[7 <./Radar_Chart.png>]
Underfull \hbox (badness 2050) in paragraph at lines 453--454
[]\OT1/ptm/b/n/10 Gradient Clip-ping: \OT1/ptm/m/n/10 This in-volves nor-mal-iz-ing
 []

[8]
Underfull \hbox (badness 3449) in paragraph at lines 507--508
[]\OT1/ptm/m/n/8 Li Bai and Haibo Hu, et al. "Mem-ber-ship In-fer-ence At-tacks
 []


Underfull \hbox (badness 2080) in paragraph at lines 507--508
\OT1/ptm/m/n/8 and De-fenses in Fed-er-ated Learn-ing: A Sur-vey" arXiv preprint
 []


Underfull \hbox (badness 1997) in paragraph at lines 512--513
[]\OT1/ptm/m/n/8 Yin, Xue-fei and Zhu, Yan-ming, et al. "A Com-pre-hen-sive Sur-
 []


Underfull \hbox (badness 1400) in paragraph at lines 512--513
\OT1/ptm/m/n/8 vey of Privacy-preserving Fed-er-ated Learn-ing: A Tax-on-omy, Re-
 []

[9]
Underfull \hbox (badness 10000) in paragraph at lines 524--525
[]\OT1/ptm/m/n/8 Venkatesaramani, Ra-jagopal, et al. "Re-identification of
 []


Underfull \hbox (badness 10000) in paragraph at lines 524--525
\OT1/ptm/m/n/8 in-di-vid-u-als in ge-nomic datasets us-ing pub-lic face im-ages"
 []


Underfull \hbox (badness 1990) in paragraph at lines 524--525
\OT1/ptm/m/n/8 Amer-i-can As-so-ci-a-tion for the Ad-vance-ment of Sci-ence (AAAS)
 []


Underfull \hbox (badness 2027) in paragraph at lines 525--526
[]\OT1/ptm/m/n/8 Gymrek M, McGuire AL, et al. "Iden-ti-fy-ing per-sonal genomes
 []


Underfull \hbox (badness 10000) in paragraph at lines 529--530
[]\OT1/ptm/m/n/8 Jaydip Sen, et al. "Pri-vacy in Fed-er-ated Learn-ing"
 []


Underfull \hbox (badness 10000) in paragraph at lines 530--531
[]\OT1/ptm/m/n/8 Zhao Joshua and Bagchi Saurabh, et al. "The Fed-er-a-tion
 []


Underfull \hbox (badness 1721) in paragraph at lines 530--531
\OT1/ptm/m/n/8 Strikes Back: A Sur-vey of Fed-er-ated Learn-ing Pri-vacy At-tacks,
 []


Underfull \hbox (badness 6032) in paragraph at lines 530--531
\OT1/ptm/m/n/8 De-fenses, Ap-pli-ca-tions, and Pol-icy Land-scape." arXiv preprint
 []


Underfull \hbox (badness 3884) in paragraph at lines 530--531
\OT1/ptm/m/n/8 arXiv:1610.05820 (2017). As-so-ci-a-tion for Com-put-ing Ma-chin-ery
 []


Underfull \hbox (badness 3930) in paragraph at lines 532--533
[]\OT1/ptm/m/n/8 Ilias Dri-ouich and Chuan Xu, et al. "A Novel Model-Based
 []


Underfull \hbox (badness 3514) in paragraph at lines 532--533
\OT1/ptm/m/n/8 At-tribute In-fer-ence At-tack in Fed-er-ated Learn-ing." Open-Re-view
 []


Underfull \hbox (badness 3449) in paragraph at lines 535--536
[]\OT1/ptm/m/n/8 Li Bai and Haibo Hu, et al. "Mem-ber-ship In-fer-ence At-tacks
 []


Underfull \hbox (badness 2080) in paragraph at lines 535--536
\OT1/ptm/m/n/8 and De-fenses in Fed-er-ated Learn-ing: A Sur-vey" arXiv preprint
 []


Underfull \hbox (badness 2418) in paragraph at lines 537--538
[]\OT1/ptm/m/n/8 Shukla, S., Ra-jku-mar, S., Sinha, A. et al. "Fed-er-ated learn-ing
 []


Underfull \hbox (badness 2744) in paragraph at lines 539--540
\OT1/ptm/m/n/8 False Sense of Se-cu-rity in Fed-er-ated Learn-ing" arXiv preprint
 []


Underfull \hbox (badness 3792) in paragraph at lines 544--545
[]\OT1/ptm/m/n/8 D'Altri, T., Free-berg, M.A., Cur-win, A.J. et al. "The Fed-er-
 []


Underfull \hbox (badness 1755) in paragraph at lines 544--545
\OT1/ptm/m/n/8 shar-ing hu-man ge-nomics data." Nat Genet 57, 481{485 (2025).
 []


** Conference Paper **
Before submitting the final camera ready copy, remember to:

 1. Manually equalize the lengths of two columns on the last page
 of your paper;

 2. Ensure that any PostScript and/or PDF output post-processing
 uses only Type 1 fonts and that every step in the generation
 process uses the appropriate paper size.

[10] (./main.aux)
 ***********
LaTeX2e <2023-11-01> patch level 1
L3 programming layer <2024-02-20>
 ***********
 ) 
Here is how much of TeX's memory you used:
 5751 strings out of 474116
 96384 string characters out of 5743682
 1948187 words of memory out of 5000000
 28065 multiletter control sequences out of 15000+600000
 593342 words of font info for 105 fonts, out of 8000000 for 9000
 1141 hyphenation exceptions out of 8191
 57i,10n,65p,1184b,500s stack positions out of 10000i,1000n,20000p,200000b,200000s
</usr/local/texlive/2024/texmf-dist/fonts/type1/public/amsfonts/cm/cmmi10.pfb></usr/local/texlive/2024/texmf-dist/fonts/type1/public/amsfonts/cm/cmr10.pfb></usr/local/texlive/2024/texmf-dist/fonts/type1/public/amsfonts/cm/cmsy10.pfb></usr/local/texlive/2024/texmf-dist/fonts/type1/public/amsfonts/cm/cmsy7.pfb></usr/local/texlive/2024/texmf-dist/fonts/type1/urw/times/utmb8a.pfb></usr/local/texlive/2024/texmf-dist/fonts/type1/urw/times/utmbi8a.pfb></usr/local/texlive/2024/texmf-dist/fonts/type1/urw/times/utmr8a.pfb></usr/local/texlive/2024/texmf-dist/fonts/type1/urw/times/utmri8a.pfb>
Output written on main.pdf (10 pages, 2136724 bytes).
PDF statistics:
 93 PDF objects out of 1000 (max. 8388607)
 50 compressed objects within 1 object stream
 0 named destinations out of 1000 (max. 500000)
 36 words of extra memory for PDF output out of 10000 (max. 10000000)

